OFF
459 882 0
6.4714285714285893 -620.21919231388461 -960.05714285714294
-73.863801371580664 -596.80000000000007 -960.05714285714294
6.4714285714285893 -596.80000000000007 -1001.6951394467048
93.528571428571411 -610.62563695850884 -960.05714285714294
93.528571428571411 -596.80000000000007 -977.97556186646261
128.9868353643063 -596.80000000000018 -960.05714285714305
-167.64285714285714 -520.45335549117146 -960.05714285714294
-171.09937191789999 -516.40000000000009 -960.05714285714294
-167.64285714285714 -516.40000000000009 -962.7208063536234
-80.585714285714289 -525.72707248904942 -1042.4000000000001
-90.798150444773938 -516.40000000000009 -1042.4000000000001
-80.585714285714289 -589.75483869862899 -960.05714285714294
6.4714285714285884 -585.33037358418881 -1042.4000000000001
87.276021864921532 -516.40000000000009 -1042.4000000000001
93.528571428571411 -516.40000000000009 -1036.0011196750045
180.58571428571423 -556.04257702535676 -1042.4000000000001
104.75388150235169 -516.40000000000009 -1042.4000000000001
180.58571428571423 -563.62425211568427 -960.05714285714294
236.90849966781883 -516.40000000000009 -1042.4000000000001
231.88066102186266 -516.40000000000009 -960.05714285714294
-186.76954029902799 -436 -960.05714285714294
-167.64285714285714 -436 -989.91039322120946
-80.585714285714289 -513.67054514893584 -1042.4000000000001
-80.585714285714289 -436 -970.25494342813909
6.4714285714285893 -516.39993306216502 -1042.4000000000001
6.4714285714285893 -516.39994402822799 -960.05714285714294
-80.585692886362025 -436 -960.05714285714294
93.528571428571411 -516.39993852732209 -960.05714285714294
180.58571428571423 -491.70887579664964 -1042.4000000000001
180.58565902566292 -436 -960.05714285714294
180.58571428571423 -436 -992.38756356204431
261.35574712099287 -436 -960.05714285714294
-190.40935328579346 -355.60000000000002 -960.05714285714294
-167.64285714285714 -355.60000000000002 -1004.0140162198004
-80.585714285714289 -355.60000000000002 -1015.0445797312434
-80.585649472072987 -355.60000000000002 -960.05714285714294
180.58571428571423 -390.78655660018183 -1042.4000000000001
180.58564776037943 -355.60000000000002 -1042.4000000000001
180.58564251364868 -355.60000000000002 -960.05714285714294
234.86910016924708 -355.60000000000002 -1042.4000000000001
263.59979188319335 -355.60000000000002 -960.05714285714294
-188.71220494924819 -275.20000000000005 -960.05714285714294
-167.64285714285714 -275.20000000000005 -1015.3145770691344
-80.585714285714289 -275.20000000000005 -966.07874919118581
6.4714285714285893 -275.20008544598716 -960.05714285714294
6.4714285714285893 -275.20000000000005 -960.0572303679229
93.528571428571411 -275.20011385007535 -960.05714285714294
93.528571428571411 -275.20000000000005 -960.05725945839276
180.58563527964418 -275.20000000000005 -1042.4000000000001
267.64285714285717 -278.44226913355311 -1042.4000000000001
255.52153435839421 -275.20000000000005 -960.05714285714294
267.64285714285722 -275.20000000000005 -1021.8462453295994
269.62769703837677 -275.20000000000005 -1042.4000000000001
-167.64285714285714 -228.32253844101365 -960.05714285714294
-80.585714285714289 -202.21850231144725 -1042.4000000000001
-105.0710353596543 -194.80000000000001 -1042.4000000000001
-140.78891608450206 -194.80000000000004 -960.05714285714305
6.4714285714285893 -194.80014431116851 -1042.4000000000001
93.528571428571411 -194.8000519613912 -1042.4000000000001
242.13883963663849 -194.80000000000001 -960.05714285714294
267.64285714285717 -194.80000000000001 -968.27563847566614
303.67756643496318 -194.80000000000001 -1042.4000000000001
-80.585714285714289 -160.98170433174568 -1042.4000000000001
-92.083845762508005 -114.39999999999998 -960.05714285714294
-80.585714285714289 -114.39999999999998 -968.49876385789503
-0.76018371695134945 -114.39999999999998 -1042.4000000000001
93.528571428571411 -173.83923758949587 -1042.4000000000001
7.4588251846976066 -114.39999999999999 -1042.4000000000003
93.528571428571411 -114.39999999999998 -964.7879845026813
180.58571428571423 -116.43208412448153 -1042.4000000000001
180.58571428571423 -129.89415918506188 -960.05714285714294
163.88731683823858 -114.39999999999998 -960.05714285714294
267.64285714285717 -134.8446172818218 -1042.4000000000001
-80.585714285714289 -72.280832509828102 -960.05714285714294
6.4714285714285893 -112.44979664648665 -1042.4000000000001
-45.041159442642318 -34 -960.05714285714294
6.4714285714285893 -34 -963.32201648124681
93.528571428571411 -34 -966.70979867498147
129.3349398852838 -34 -960.05714285714294
-80.585714285714289 29.534702069953799 -1042.4000000000001
-91.426449266771669 46.399999999999977 -1042.4000000000001
-80.585714285714289 46.399999999999977 -1015.1196159668162
6.4714285714285893 30.524975329868418 -1042.4000000000001
-15.400317870678656 46.399999999999977 -960.05714285714294
93.528571428571411 29.328459841722331 -1042.4000000000001
114.62898133339077 46.399999999999977 -1042.4000000000001
133.08279287871014 46.399999999999977 -960.05714285714294
-80.585714285714289 51.725898611576582 -1042.4000000000001
6.4714285714285893 74.383746168438279 -1042.4000000000001
6.4714285714285893 53.184367116080217 -960.05714285714294
93.528571428571411 80.665936166511358 -1042.4000000000001
93.528571428571411 60.155444064266014 -960.05714285714294
6.4714285714285893 -616.2547937580473 -877.71428571428578
-39.508661610507303 -596.80000000000007 -877.71428571428578
93.528571428571411 -623.25268003644351 -877.71428571428578
164.24933031687814 -596.80000000000007 -877.71428571428578
-167.64285714285714 -516.40000000000009 -946.88783436597555
-80.585714285714289 -564.13024881917909 -877.71428571428578
-140.24059698749903 -516.40000000000009 -877.71428571428578
180.58571428571423 -588.47112092842428 -877.71428571428578
259.49107616139077 -516.40000000000009 -877.71428571428578
-167.64285714285714 -436 -901.2242073256773
-165.12513714269383 -436 -877.71428571428578
6.4714285714285893 -436 -877.71428571454373
93.528571428571411 -516.399935351713 -877.71428571428578
6.4714285717012379 -436 -877.71428571428578
180.58565027829835 -436 -877.71428571428578
267.64285714285722 -491.67932346133517 -877.71428571428578
267.64285714285717 -436 -931.11061523218837
278.34345001575872 -436 -877.71428571428578
-167.64285714285714 -358.78168751839985 -877.71428571428578
-168.04522953911197 -355.60000000000002 -877.71428571428578
6.4714285714285893 -435.99999999974818 -877.71428571428578
-80.585662225197751 -355.60000000000002 -877.71428571428578
180.58564947348904 -355.60000000000002 -877.71428571428578
267.64285714285717 -355.60000000000002 -910.90946489682108
270.93261935295664 -355.59999999999997 -877.71428571428567
-167.64285714285714 -351.6909975919616 -877.71428571428589
-167.64285714285717 -275.20000000000005 -894.89637663854728
-160.65567393362107 -275.20000000000005 -877.71428571428578
6.4714285714285893 -275.2000931217969 -877.71428571428578
93.528571428571411 -275.20010060707472 -877.71428571428578
267.64285714285717 -318.8076581333878 -877.71428571428578
257.04167532535371 -275.20000000000005 -877.71428571428578
-85.819318579204662 -194.80000000000001 -877.71428571428578
206.03841168239055 -194.80000000000001 -877.71428571428578
-80.585714285714289 -184.77956405773628 -877.71428571428578
-80.585714285714289 -114.39999999999998 -934.00521638622774
-64.043358909853509 -114.39999999999998 -877.71428571428589
180.58571428571423 -150.4871317162312 -877.71428571428578
166.17827205555247 -114.39999999999998 -877.71428571428578
-1.7205602858036153 -34 -877.71428571428578
180.58571428571423 -64.654557957032452 -877.71428571428578
180.58571428571423 -34 -897.70411557167154
182.42556554354388 -34 -877.71428571428578
6.4714285714285893 -27.329458963636174 -877.71428571428589
6.4714285714285893 46.399999999999977 -945.33048159603959
93.528571428571411 -31.06693963975215 -877.71428571428567
93.528571428571411 46.399999999999977 -941.63069770818072
180.58571428571423 -28.624827848709351 -877.71428571428578
6.4714285714285893 -609.2058149601479 -795.37142857142862
-18.232811703376981 -596.80000000000007 -795.37142857142862
93.528571428571411 -618.7925269194227 -795.37142857142862
180.58571428571423 -597.46861178118547 -795.37142857142862
180.58571428571423 -596.80000000000007 -804.04656847634294
181.64856375460474 -596.80000000000007 -795.37142857142862
-80.585714285714289 -555.66697155790303 -795.37142857142862
-113.36285300082506 -516.40000000000009 -795.37142857142862
267.64285714285717 -522.90593081983036 -795.37142857142862
267.64285714285717 -516.40000000000009 -835.23392504660615
272.85837758545006 -516.40000000000009 -795.37142857142862
-154.89108122212781 -436.00000000000006 -795.37142857142862
93.528571428571411 -516.39994138462453 -795.37142857142862
6.471434831354963 -436 -795.37142857142862
180.58569872661442 -436 -795.37142857142862
303.94015907019036 -436 -795.37142857142862
-167.64285714285714 -362.58588841475728 -795.37142857142862
-168.96008872627863 -355.60000000000002 -795.37142857142862
6.4714285714285884 -435.9999942187618 -795.37142857142862
-80.585637526049808 -355.60000000000002 -795.37142857142862
180.58565566086327 -355.60000000000002 -795.37142857142862
307.03160105400934 -355.60000000000002 -795.37142857142862
-167.64285714285714 -345.55975170865321 -795.37142857142862
-150.63758131094906 -275.20000000000005 -795.37142857142862
6.4714285714285893 -275.20008893341304 -795.37142857142862
93.528571428571411 -275.20009741726091 -795.37142857142862
267.64285714285717 -275.20000000000005 -861.17676070093955
284.21035801956282 -275.20000000000005 -795.37142857142862
-80.585714285714289 -206.77415334968052 -795.37142857142862
-80.585714285714289 -194.80000000000001 -868.01669376457767
-71.293478689054609 -194.80000000000001 -795.37142857142862
267.64285714285717 -248.77466246084788 -795.37142857142862
223.58365147791289 -194.80000000000001 -795.37142857142862
-64.448223365589385 -114.39999999999998 -795.37142857142862
180.58571428571423 -114.39999999999998 -844.34180746742845
209.08442269447289 -114.39999999999998 -795.37142857142862
5.0090882733751636 -34 -795.37142857142862
204.31510317256692 -34 -795.37142857142862
6.4714285714285884 -33.0468297746459 -795.37142857142851
93.528571428571411 -22.984836080005341 -795.37142857142862
180.58571428571423 7.4032728944485271 -795.37142857142862
6.4714285714285893 -596.80000000000007 -754.12951144501085
93.528571428571411 -599.66769840607549 -713.02857142857147
74.957689092576061 -596.80000000000007 -713.02857142857147
108.44337314191841 -596.80000000000007 -713.02857142857147
180.58571428571426 -596.80000000000007 -792.15761174112583
-80.585714285714289 -525.84598463468365 -713.02857142857147
-89.511995853659954 -516.40000000000009 -713.02857142857147
6.4714285714285893 -576.49438272280133 -713.02857142857147
180.58571428571423 -573.81101540457257 -713.02857142857147
263.66618809864383 -516.40000000000009 -713.02857142857147
267.64285714285717 -516.40000000000009 -737.10261905022367
-129.39047107678928 -436 -713.02857142857147
93.528571428571411 -436 -713.02857142883863
267.64285714285717 -512.05777899723068 -713.02857142857147
303.0989975114494 -436 -713.02857142857147
-167.64285714285714 -375.90684090154389 -713.02857142857147
-173.72729036420952 -355.60000000000002 -713.02857142857147
6.4714285714285893 -355.60000000000002 -713.02868485534418
93.528571428571411 -435.99999999973909 -713.02857142857147
6.4715484921005704 -355.60000000000002 -713.02857142857147
180.58561468713009 -355.60000000000002 -713.02857142857147
317.36977062295341 -355.60000000000002 -713.02857142857147
-167.64285714285714 -300.21244026466536 -713.02857142857147
-156.30332002974444 -275.20000000000005 -713.02857142857147
93.528571428571411 -275.20000000023293 -713.02857142857147
303.62442704552734 -275.20000000000005 -713.02857142857147
-80.585714285714289 -209.83197329311133 -713.02857142857147
-69.509667906984745 -194.80000000000001 -713.02857142857147
267.64285714285717 -220.58357433951915 -713.02857142857147
248.76506909957999 -194.80000000000001 -713.02857142857147
-62.866960956358028 -114.39999999999998 -713.02857142857147
255.01133089989793 -114.39999999999998 -713.02857142857147
-35.992806942338845 -34 -713.02857142857147
208.23565625509741 -34 -713.02857142857147
6.4714285714285893 -2.7669321203546851 -713.02857142857147
93.528571428571411 16.435500111384247 -713.02857142857147
180.58571428571423 -10.517762472057651 -713.02857142857147
93.528571428571411 -596.79999999999995 -703.19362348542825
-80.585714285714289 -516.40000000000009 -697.65476204606171
6.4714285714285893 -539.6609101465117 -630.68571428571431
-24.803256980825317 -516.40000000000009 -630.68571428571431
93.528571428571411 -554.66803675482356 -630.68571428571431
180.58571428571423 -534.82622219826919 -630.68571428571431
210.07008854070591 -516.40000000000009 -630.68571428571431
-80.585714285714289 -441.67337171787398 -630.68571428571431
-84.605199848498685 -436 -630.68571428571431
267.64285714285717 -456.42296102776896 -630.68571428571431
278.40744318676559 -436 -630.68571428571431
-167.64285714285714 -355.60000000000002 -693.07975826598181
-119.83121942482215 -355.60000000000002 -630.68571428571431
93.528571428571411 -435.99999204846705 -630.68571428571431
6.4714905242629159 -355.60000000000002 -630.68571428571431
180.5856784523358 -355.60000000000002 -630.68571428571431
292.84473950420733 -355.60000000000002 -630.68571428571431
-118.33047340119472 -275.20000000000005 -630.68571428571431
6.471512328438239 -275.20000000000005 -630.68571428571431
93.528571428571411 -275.20000000000005 -713.02857142833295
180.58564902828414 -275.20000000000005 -630.68571428571431
292.75228988725223 -275.20000000000005 -630.68571428571431
-80.585714285714289 -207.31592068682218 -630.68571428571431
-78.3640650375837 -194.80000000000004 -630.68571428571431
6.4714940048019018 -194.80000000000001 -630.68571428571431
93.528571428571411 -194.80000000000001 -713.02846192953552
180.58565263117586 -194.80000000000001 -630.68571428571431
267.64285714285717 -204.01187859232769 -630.68571428571431
265.87413499148357 -194.80000000000001 -630.68571428571431
-64.867563593887311 -114.39999999999998 -630.68571428571431
93.528571428571411 -114.40011125157964 -630.68571428571431
255.30975090436908 -114.39999999999998 -630.68571428571431
-20.916101032416712 -34 -630.68571428571431
267.64285714285717 -55.896229293484126 -630.68571428571431
267.64285714285717 -34 -656.43968020962825
271.84922574232343 -34 -630.68571428571431
6.4714285714285893 -16.155007782800549 -630.68571428571431
93.528571428571411 37.300248357886446 -630.68571428571431
120.84264394668375 46.399999999999977 -630.68571428571431
180.58571428571423 46.399999999999977 -679.93344750423535
267.64285714285717 -23.5331731362254 -630.68571428571431
211.55234658821936 46.399999999999977 -630.68571428571431
180.58571428571423 60.869605625067933 -630.68571428571431
6.4714285714285893 -516.40000000000009 -582.76990541416853
93.528571428571411 -524.86239128697412 -548.34285714285716
66.412431441618892 -516.40000000000009 -548.34285714285716
118.34609535334702 -516.40000000000009 -548.34285714285716
180.58571428571423 -516.40000000000009 -590.05973574826862
-80.585714285714303 -436 -625.60493120720275
6.4714285714285893 -483.49037342535144 -548.34285714285716
-22.682630851879068 -436 -548.34285714285716
180.58571428571423 -492.95707572783465 -548.34285714285716
231.86280242460964 -436 -548.34285714285716
267.64285714285717 -436 -607.92774534608384
-80.585714285714289 -355.60000000000002 -576.197279845465
-68.851620238860207 -355.60000000000002 -548.34285714285716
93.528571428571411 -355.60000000000002 -548.34294403143986
265.13593596071104 -355.60000000000002 -548.34285714285716
267.64285714285717 -355.60000000000002 -558.56123265419046
-80.585714285714289 -275.20000000000005 -575.19246815068777
-73.38394501054016 -275.20000000000005 -548.34285714285716
93.528571428571411 -275.20000000000005 -548.34285714312966
267.64285714285717 -343.10524278947958 -548.34285714285716
296.90344184713189 -275.20000000000005 -548.34285714285716
-69.717377673777548 -194.80000000000001 -548.34285714285716
93.528571428571411 -194.80000000000001 -548.34285714311784
267.64285714285717 -194.80000000000004 -622.97950381983378
281.99679189589563 -194.80000000000001 -548.34285714285716
-73.561371462092964 -114.39999999999998 -548.34285714285716
267.64285714285711 -114.39999999999998 -591.26673281667468
279.54856070481259 -114.39999999999999 -548.34285714285716
-54.570484696287288 -34 -548.34285714285716
282.73507885163434 -34 -548.34285714285716
6.4714285714285893 37.662696876705006 -548.34285714285716
15.993822605999091 46.399999999999977 -548.34285714285716
93.528571428571411 46.399999999999977 -611.79152108315702
267.64285714285717 18.901365501105715 -548.34285714285716
251.24031486965447 46.399999999999977 -548.34285714285716
93.528571428571411 73.452609524817007 -548.34285714285716
180.58571428571423 80.913919452190143 -548.34285714285716
93.528571428571411 -516.40000000000009 -536.54105540395608
6.4714285714285893 -436 -518.01056798568629
93.528571428571411 -461.87587872974302 -466
63.798558717016803 -436 -466
180.58571428571423 -443.9509799859747 -466
187.63927150305568 -436.00000000000006 -466
6.4714285714285893 -383.03682412882597 -466
-11.509628407590695 -355.60000000000002 -466
240.46551748463691 -355.60000000000002 -466
-44.202107496336545 -275.20000000000005 -465.99999999999994
267.64285714285717 -293.03137977745632 -466
272.04026743748932 -275.19999999999999 -466
-51.976858013744497 -194.80000000000001 -466.00000000000006
287.52242819705123 -194.80000000000001 -466
-80.585714285714289 -122.80513511133975 -466
-83.073356533265439 -114.39999999999998 -466
-80.585714285714289 -114.39999999999998 -489.75736983356774
93.528571428571411 -194.79987663650644 -466
6.4714695209323398 -114.39999999999998 -466
93.528571428571411 -114.39999999999998 -548.34272087201668
180.58562070161236 -114.39999999999998 -466
290.35148037869135 -114.39999999999999 -466
-80.585714285714289 -100.79131954975134 -466
-63.7573608563481 -34 -466
93.528571428571411 -34.000064667687909 -466
291.54888498717469 -34 -466
-4.9728625640407511 46.399999999999977 -466
6.4714285714285884 46.39999999999997 -527.46803729992075
267.64285714285717 46.399999999999977 -476.69306573059725
268.90191897238191 46.39999999999997 -466
6.4714285714285893 55.354446893769456 -466.00000000000006
93.528571428571411 94.291184037723269 -466
180.58571428571423 92.97503786775539 -466
267.64285714285717 47.806514198181297 -466
93.528571428571411 -436 -428.88055806175998
180.58571428571423 -436 -455.51819127101476
6.4714285714285893 -355.60000000000002 -437.05335989401226
93.528571428571411 -393.06075680765639 -383.65714285714284
61.68170313125745 -355.60000000000002 -383.65714285714284
180.58571428571423 -372.60666170625746 -383.65714285714284
194.62028649869222 -355.60000000000002 -383.65714285714284
6.4714285714285893 -285.3099423165458 -383.65714285714284
1.5316798604872472 -275.20000000000005 -383.65714285714284
238.19834395222233 -275.20000000000005 -383.65714285714284
267.64285714285717 -275.20000000000005 -446.27135623330275
-34.809564155024383 -194.80000000000001 -383.65714285714284
267.64285714285717 -218.75654697822264 -383.65714285714284
273.55730693782772 -194.80000000000001 -383.65714285714284
-80.585714285714289 -114.39999999999998 -458.0265589137793
-47.669623641200658 -114.39999999999998 -383.65714285714284
93.528571428571411 -114.39999999999998 -383.65724904511654
286.90651001460731 -114.39999999999998 -383.65714285714284
-47.796519917194217 -34 -383.65714285714284
287.33528306418788 -34 -383.65714285714284
6.4714285714285893 45.259726855098187 -383.65714285714284
6.4714285714285893 46.399999999999977 -387.74137674817882
7.4521406927524536 46.399999999999977 -383.65714285714284
272.88688716415589 46.399999999999977 -383.65714285714284
93.528571428571411 95.730528904812502 -383.65714285714284
180.58571428571423 95.360356402652542 -383.65714285714284
267.64285714285717 54.291693401506024 -383.65714285714284
93.528571428571411 -355.60000000000002 -360.22818717615104
180.5857142857142 -355.60000000000002 -370.40549623467666
6.4714285714285893 -275.20000000000005 -376.72271247606199
93.528571428571411 -282.22628933748035 -301.31428571428569
86.428086766016818 -275.20000000000005 -301.31428571428569
131.4194537245036 -275.20000000000005 -301.31428571428569
180.58571428571423 -275.20000000000005 -313.71563995280263
6.4714285714285893 -194.80000000000001 -313.84737146577231
24.62449141472279 -194.80000000000001 -301.31428571428569
180.58571428571423 -252.01777484311077 -301.31428571428569
209.99557919370639 -194.80000000000001 -301.31428571428569
267.64285714285717 -194.80000000000001 -367.03754091007301
6.4714285714285893 -168.74983100985492 -301.31428571428569
-57.480549308935615 -114.39999999999998 -301.31428571428569
266.97901160789678 -114.39999999999998 -301.31428571428569
267.64285714285717 -114.39999999999998 -302.8174845468115
-70.887970268848804 -34 -301.31428571428569
267.64285714285717 -110.85362727827263 -301.31428571428569
275.56960063987691 -34 -301.31428571428569
-23.3982297934634 46.399999999999977 -301.31428571428569
6.4714285714285893 46.399999999999977 -377.72488809712041
267.64285714285717 -9.2008234698666271 -301.31428571428569
233.14905519680156 46.399999999999977 -301.31428571428569
267.64285714285717 46.399999999999977 -363.75768328501374
6.4714285714285893 63.561048756672584 -301.31428571428569
93.528571428571411 96.601765540662655 -301.31428571428569
180.58571428571423 78.534016105947003 -301.31428571428569
93.528571428571411 -275.20000000000005 -296.43679192517135
93.528571428571411 -194.80000000000001 -247.63797829870811
180.58571428571423 -194.80000000000001 -273.75397157808902
-80.585714285714289 -118.26239250395628 -218.97142857142853
-89.482378553793453 -114.39999999999998 -218.97142857142853
-80.585714285714289 -114.39999999999998 -246.77755247776776
6.4714285714285893 -158.8050390718349 -218.97142857142853
93.528571428571411 -169.03783004082669 -218.97142857142853
180.58571428571423 -137.74942380683399 -218.97142857142853
201.03642874607533 -114.39999999999998 -218.97142857142856
-167.64285714285714 -34.781035867738922 -218.97142857142853
-168.17882192212366 -34 -218.97142857142853
-167.64285714285714 -34 -220.68648284348393
-80.585714285714289 -34 -282.72701999245174
229.35874360163487 -34 -218.97142857142853
267.64285714285717 -34 -279.3193764785741
-167.64285714285714 -32.711514374087855 -218.97142857142856
-114.01516122545776 46.399999999999977 -218.97142857142853
-80.585714285714289 46.399999999999977 -253.69290773090529
210.77894609485355 46.399999999999977 -218.97142857142853
-80.585714285714289 80.682624877995352 -218.97142857142853
6.4714285714285893 116.22128023334827 -218.97142857142853
93.528571428571411 104.39716738915753 -218.97142857142853
180.58571428571423 71.524490864905658 -218.97142857142853
-80.585714285714289 -125.28121531563154 -136.62857142857138
-102.16092228581707 -114.39999999999998 -136.62857142857138
6.4714285714285893 -148.85143958798972 -136.62857142857138
93.528571428571411 -147.56203533566725 -136.62857142857138
143.41176744279778 -114.39999999999998 -136.62857142857138
180.58571428571423 -114.39999999999996 -184.12068379517424
-167.64285714285714 -34 -217.55672430526886
-136.40820121742956 -34 -136.62857142857138
180.58571428571423 -69.513143617924371 -136.62857142857138
193.57515092274454 -34 -136.62857142857138
-122.57488134389172 46.399999999999977 -136.62857142857138
180.58571428571423 18.347239110670202 -136.62857142857138
167.90596650125235 46.399999999999977 -136.62857142857138
180.58571428571423 46.399999999999977 -151.58700446876642
-80.585714285714289 106.06639396113965 -136.62857142857138
-38.714243747108654 126.79999999999995 -136.62857142857138
6.4714285714285893 126.79999999999995 -183.52619400378632
93.528571428571411 115.01419975263148 -136.62857142857138
48.997730573648496 126.79999999999995 -136.62857142857138
6.4714285714285893 136.18167864218225 -136.62857142857138
-80.585714285714289 -114.39999999999998 -80.497323577131283
6.4714285714285893 -136.07334832820646 -54.285714285714221
-34.231301201491661 -114.39999999999998 -54.285714285714221
50.610220504614141 -114.39999999999998 -54.285714285714221
93.528571428571411 -114.39999999999998 -65.252595646215411
-80.585714285714289 -91.253382499624749 -54.285714285714221
-97.216453420428692 -34 -54.285714285714221
93.528571428571411 -100.93615450453218 -54.285714285714221
119.00562314301771 -34 -54.285714285714221
180.58571428571423 -34 -116.69832063247607
-86.515569686246764 46.399999999999977 -54.285714285714221
107.74358094704758 46.399999999999977 -54.285714285714221
-80.585714285714289 77.351348493580659 -54.285714285714221
-19.686150743295201 126.79999999999995 -54.285714285714221
93.528571428571411 70.668051724353035 -54.285714285714221
15.311131771455289 126.79999999999995 -54.285714285714221
6.4714285714285902 131.63865983223994 -54.285714285714221
6.4714285714285893 -123.09353114477096 28.057142857142935
1.5381079579337564 -114.39999999999998 28.057142857142935
8.6003253230270253 -114.39999999999998 28.057142857142935
-80.585714285714289 -34 -31.408070380615474
6.4714285714285884 -109.41430481763331 28.057142857142932
6.4714285714285893 -34 -4.3937380882513466
93.528571428571411 -34 -31.836529001383347
-80.585714285714289 46.399999999999977 -41.219764623380343
6.4714285714285893 46.399999999999977 -8.8371368296126409
93.528571428571411 46.399999999999977 -39.588790436025647
6.4714285714285893 126.79999999999995 -17.069213162780386
6.4714285714285884 -114.39999999999998 29.90706773589433
3 2 0 1
3 2 4 3
3 0 2 3
3 3 4 5
3 8 6 7
3 8 10 9
3 8 9 6
3 6 9 11
3 1 12 2
3 1 11 12
3 11 9 12
3 13 2 12
3 13 14 2
3 14 4 2
3 16 15 17
3 16 17 4
3 16 4 14
3 5 4 17
3 17 15 18
3 19 17 18
3 21 8 7
3 20 21 7
3 10 23 22
3 10 8 23
3 8 21 23
3 26 22 23
3 26 25 22
3 25 24 22
3 14 13 24
3 14 24 27
3 27 24 25
3 30 27 29
3 28 27 30
3 28 14 27
3 28 16 14
3 28 30 31
3 28 31 18
3 18 31 19
3 33 21 20
3 32 33 20
3 23 21 34
3 34 21 33
3 35 26 23
3 34 35 23
3 36 30 29
3 36 29 37
3 37 29 38
3 30 36 39
3 30 39 31
3 31 39 40
3 42 33 32
3 41 42 32
3 34 33 43
3 43 33 42
3 44 35 34
3 44 34 45
3 45 34 43
3 45 47 46
3 44 45 46
3 47 38 46
3 47 48 38
3 48 37 38
3 51 39 49
3 51 50 39
3 50 40 39
3 49 52 51
3 42 41 53
3 54 56 55
3 54 42 56
3 54 43 42
3 42 53 56
3 57 43 54
3 45 43 57
3 58 45 57
3 47 45 58
3 48 47 58
3 60 50 51
3 59 50 60
3 52 61 60
3 51 52 60
3 64 62 55
3 64 55 63
3 63 55 56
3 62 64 65
3 66 67 68
3 71 66 68
3 71 70 66
3 70 69 66
3 59 60 72
3 59 72 70
3 70 72 69
3 61 72 60
3 64 63 73
3 76 73 75
3 74 73 76
3 74 64 73
3 74 65 64
3 74 68 67
3 74 76 68
3 76 77 68
3 78 71 68
3 77 78 68
3 79 81 80
3 76 75 83
3 76 83 79
3 76 79 82
3 81 79 83
3 84 76 82
3 77 76 84
3 77 84 85
3 77 85 78
3 78 85 86
3 80 81 87
3 81 83 89
3 81 89 87
3 87 89 88
3 90 88 91
3 88 89 91
3 86 85 90
3 91 86 90
3 0 92 93
3 1 0 93
3 3 94 0
3 0 94 92
3 94 3 5
3 95 94 5
3 6 96 7
3 98 96 6
3 98 6 97
3 97 6 11
3 93 11 1
3 97 11 93
3 5 99 95
3 17 99 5
3 99 17 19
3 100 99 19
3 96 101 20
3 7 96 20
3 102 96 98
3 101 96 102
3 25 26 103
3 105 25 103
3 105 104 25
3 104 27 25
3 104 29 27
3 106 29 104
3 107 31 108
3 107 100 31
3 100 19 31
3 107 108 109
3 101 110 111
3 101 111 20
3 20 111 32
3 102 110 101
3 103 113 112
3 103 26 113
3 26 35 113
3 105 103 112
3 29 106 38
3 106 114 38
3 108 40 115
3 31 40 108
3 116 109 108
3 115 116 108
3 117 118 41
3 117 41 111
3 111 41 32
3 117 119 118
3 35 120 113
3 44 120 35
3 46 121 44
3 44 121 120
3 114 46 38
3 121 46 114
3 115 123 122
3 115 40 123
3 40 50 123
3 116 115 122
3 41 118 53
3 118 56 53
3 118 119 56
3 119 124 56
3 50 59 123
3 123 59 125
3 126 127 63
3 126 63 124
3 124 63 56
3 126 128 127
3 70 130 129
3 71 130 70
3 125 59 70
3 129 125 70
3 63 127 73
3 127 75 73
3 127 128 75
3 128 131 75
3 132 78 133
3 132 130 78
3 130 71 78
3 132 133 134
3 135 136 83
3 135 83 131
3 131 83 75
3 136 137 138
3 135 137 136
3 133 137 139
3 133 86 137
3 133 78 86
3 86 138 137
3 134 133 139
3 83 136 89
3 91 89 136
3 138 91 136
3 86 91 138
3 92 140 141
3 93 92 141
3 94 142 92
3 92 142 140
3 95 144 143
3 95 143 94
3 94 143 142
3 143 144 145
3 97 146 147
3 98 97 147
3 141 97 93
3 146 97 141
3 95 99 144
3 100 149 148
3 99 100 148
3 99 148 145
3 99 145 144
3 148 149 150
3 98 147 102
3 147 151 102
3 104 153 152
3 105 153 104
3 152 106 104
3 154 106 152
3 100 107 149
3 149 107 109
3 149 109 150
3 150 109 155
3 110 156 157
3 111 110 157
3 151 110 102
3 156 110 151
3 112 159 158
3 113 159 112
3 153 105 112
3 158 153 112
3 106 154 114
3 154 160 114
3 109 116 155
3 155 116 161
3 111 157 162
3 117 111 162
3 162 119 117
3 163 119 162
3 113 164 159
3 120 164 113
3 121 165 120
3 120 165 164
3 160 121 114
3 165 121 160
3 122 123 166
3 122 166 167
3 122 167 116
3 116 167 161
3 168 169 124
3 168 124 163
3 163 124 119
3 168 170 169
3 166 172 171
3 166 123 172
3 123 125 172
3 167 166 171
3 124 169 126
3 169 128 126
3 169 170 128
3 170 173 128
3 129 130 174
3 129 174 175
3 129 175 125
3 125 175 172
3 128 173 131
3 173 176 131
3 130 132 174
3 174 132 134
3 174 134 175
3 175 134 177
3 131 176 178
3 135 131 178
3 137 135 179
3 135 178 179
3 139 137 180
3 137 179 180
3 177 134 139
3 180 177 139
3 140 181 141
3 183 181 140
3 183 140 182
3 182 140 142
3 185 184 182
3 185 182 143
3 143 182 142
3 143 145 185
3 146 186 187
3 147 146 187
3 181 146 141
3 181 188 146
3 188 186 146
3 183 188 181
3 185 189 184
3 191 190 189
3 148 191 189
3 148 189 185
3 148 185 145
3 148 150 191
3 147 187 151
3 187 192 151
3 152 153 193
3 152 193 154
3 191 194 190
3 194 191 150
3 194 150 195
3 195 150 155
3 156 196 197
3 157 156 197
3 192 156 151
3 196 156 192
3 158 159 198
3 158 198 200
3 153 158 200
3 153 200 199
3 153 199 193
3 199 154 193
3 199 201 154
3 201 160 154
3 155 161 195
3 195 161 202
3 157 197 203
3 162 157 203
3 203 163 162
3 204 163 203
3 159 164 198
3 198 205 200
3 198 164 205
3 164 165 205
3 201 165 160
3 205 165 201
3 161 167 202
3 202 167 206
3 163 204 207
3 168 163 207
3 207 170 168
3 208 170 207
3 171 210 209
3 172 210 171
3 206 167 171
3 209 206 171
3 170 208 173
3 208 211 173
3 172 175 210
3 210 175 212
3 173 211 176
3 211 213 176
3 175 177 212
3 212 177 214
3 176 213 215
3 178 176 215
3 179 178 216
3 178 215 216
3 180 179 217
3 179 216 217
3 214 177 180
3 217 214 180
3 182 218 183
3 182 184 218
3 186 219 187
3 221 219 186
3 221 186 220
3 220 186 188
3 218 188 183
3 218 222 188
3 222 220 188
3 184 222 218
3 184 189 222
3 189 223 222
3 223 189 190
3 224 223 190
3 219 225 226
3 219 226 187
3 187 226 192
3 221 225 219
3 190 227 224
3 194 227 190
3 227 194 195
3 228 227 195
3 196 229 197
3 196 230 229
3 196 192 230
3 192 226 230
3 199 232 231
3 200 232 199
3 231 201 199
3 233 201 231
3 195 202 228
3 228 202 234
3 197 229 203
3 229 204 203
3 229 230 204
3 230 235 204
3 237 200 205
3 237 236 200
3 236 232 200
3 205 238 237
3 205 201 238
3 201 233 238
3 202 206 234
3 234 206 239
3 204 235 240
3 207 204 240
3 240 208 207
3 241 208 240
3 243 236 237
3 242 236 243
3 244 237 238
3 243 237 244
3 209 246 245
3 210 246 209
3 239 206 209
3 245 239 209
3 208 241 211
3 241 247 211
3 243 248 242
3 244 248 243
3 210 212 246
3 246 212 249
3 211 247 213
3 247 250 213
3 251 214 252
3 251 249 214
3 249 212 214
3 251 252 253
3 213 250 254
3 215 213 254
3 216 215 255
3 215 254 255
3 257 255 256
3 257 217 255
3 217 216 255
3 217 257 259
3 214 217 259
3 214 259 258
3 214 258 252
3 253 252 258
3 257 256 260
3 259 257 260
3 220 261 221
3 263 261 220
3 263 220 262
3 262 220 222
3 265 264 262
3 265 262 223
3 223 262 222
3 223 224 265
3 225 266 226
3 225 268 266
3 221 268 225
3 221 267 268
3 221 261 267
3 263 267 261
3 265 269 264
3 271 270 269
3 227 271 269
3 227 269 265
3 227 265 224
3 227 228 271
3 266 272 230
3 226 266 230
3 273 266 268
3 272 266 273
3 231 232 274
3 231 274 233
3 276 270 271
3 275 270 276
3 228 234 276
3 271 228 276
3 272 277 235
3 230 272 235
3 278 272 273
3 277 272 278
3 274 236 279
3 232 236 274
3 233 279 238
3 274 279 233
3 276 280 275
3 280 276 234
3 280 234 281
3 281 234 239
3 235 277 240
3 277 241 240
3 277 278 241
3 278 282 241
3 279 242 283
3 236 242 279
3 238 283 244
3 279 283 238
3 245 246 284
3 245 284 285
3 245 285 239
3 239 285 281
3 241 282 247
3 282 286 247
3 242 248 283
3 244 283 248
3 284 249 287
3 246 249 284
3 288 285 284
3 287 288 284
3 247 286 250
3 286 289 250
3 249 251 287
3 287 251 253
3 287 253 288
3 288 253 290
3 250 289 291
3 254 250 291
3 293 291 292
3 293 255 291
3 255 254 291
3 255 293 256
3 258 295 294
3 259 295 258
3 290 253 258
3 294 290 258
3 293 292 296
3 256 293 296
3 256 296 260
3 260 296 297
3 295 259 260
3 297 295 260
3 262 298 263
3 262 264 298
3 267 299 268
3 267 301 299
3 263 301 267
3 263 300 301
3 263 298 300
3 264 300 298
3 264 269 300
3 269 302 300
3 302 269 270
3 303 302 270
3 299 304 305
3 299 305 268
3 268 305 273
3 301 304 299
3 270 275 303
3 303 275 306
3 273 305 278
3 305 307 278
3 275 308 306
3 280 308 275
3 308 280 281
3 309 308 281
3 278 307 282
3 307 310 282
3 281 285 309
3 309 285 311
3 314 312 313
3 314 310 312
3 314 286 310
3 286 282 310
3 317 316 315
3 315 318 317
3 285 288 311
3 311 288 319
3 314 313 320
3 320 286 314
3 320 321 286
3 321 289 286
3 317 322 316
3 318 322 317
3 288 290 319
3 319 290 323
3 325 291 289
3 325 289 324
3 324 289 321
3 291 325 292
3 294 295 326
3 294 326 327
3 294 327 290
3 290 327 323
3 325 324 328
3 292 325 328
3 292 328 296
3 296 328 329
3 297 296 330
3 296 329 330
3 326 295 297
3 326 297 331
3 331 297 330
3 327 326 331
3 300 332 301
3 300 302 333
3 332 300 333
3 302 303 333
3 304 334 305
3 304 336 334
3 301 336 304
3 301 335 336
3 301 332 335
3 333 335 332
3 337 335 333
3 337 333 303
3 337 303 338
3 338 303 306
3 334 339 340
3 334 340 305
3 305 340 307
3 336 339 334
3 342 306 308
3 342 341 306
3 341 338 306
3 308 309 342
3 307 340 310
3 340 343 310
3 342 344 341
3 344 342 309
3 344 309 345
3 345 309 311
3 312 346 313
3 312 347 346
3 312 310 347
3 310 343 347
3 315 316 348
3 315 348 318
3 311 319 345
3 345 319 349
3 313 346 320
3 346 321 320
3 346 347 321
3 347 350 321
3 316 322 348
3 318 348 322
3 319 323 349
3 349 323 351
3 352 353 324
3 352 324 350
3 350 324 321
3 352 354 353
3 323 327 351
3 351 327 355
3 324 353 328
3 353 354 356
3 353 356 328
3 328 356 329
3 330 329 357
3 329 356 357
3 331 330 358
3 330 357 358
3 355 327 331
3 358 355 331
3 335 359 336
3 335 337 360
3 359 335 360
3 337 338 360
3 339 361 340
3 339 363 361
3 336 363 339
3 336 362 363
3 336 359 362
3 362 365 364
3 362 359 365
3 359 360 365
3 338 341 365
3 360 338 365
3 361 366 343
3 340 361 343
3 367 361 363
3 366 361 367
3 365 368 364
3 370 369 368
3 344 370 368
3 344 368 365
3 344 365 341
3 344 345 370
3 366 371 372
3 366 372 343
3 343 372 347
3 367 371 366
3 374 369 370
3 373 369 374
3 345 349 374
3 370 345 374
3 347 372 350
3 372 375 350
3 374 376 373
3 376 374 349
3 376 349 377
3 377 349 351
3 379 352 350
3 379 350 378
3 378 350 375
3 352 379 354
3 382 381 380
3 382 380 377
3 382 377 355
3 355 377 351
3 379 378 383
3 354 379 383
3 354 383 356
3 356 383 384
3 357 356 385
3 356 384 385
3 381 382 358
3 381 358 385
3 385 358 357
3 355 358 382
3 362 386 363
3 362 364 386
3 386 387 367
3 363 386 367
3 364 368 388
3 364 388 386
3 386 388 387
3 368 369 388
3 391 389 390
3 391 372 371
3 391 371 389
3 389 371 392
3 387 371 367
3 387 393 371
3 393 392 371
3 388 393 387
3 394 393 388
3 394 388 369
3 394 369 395
3 395 369 373
3 398 396 397
3 390 396 398
3 390 398 391
3 391 398 399
3 372 399 375
3 391 399 372
3 401 373 376
3 401 400 373
3 400 395 373
3 376 377 401
3 398 397 402
3 402 403 404
3 402 404 398
3 398 404 399
3 375 404 378
3 399 404 375
3 380 400 401
3 380 381 400
3 381 405 400
3 377 380 401
3 404 403 406
3 378 404 406
3 378 406 383
3 383 406 407
3 384 383 408
3 383 407 408
3 385 384 409
3 384 408 409
3 405 381 385
3 409 405 385
3 389 410 411
3 390 389 411
3 392 412 389
3 389 412 410
3 393 413 392
3 392 413 412
3 415 414 413
3 415 413 394
3 394 413 393
3 394 395 415
3 396 416 397
3 396 417 416
3 396 390 417
3 390 411 417
3 415 418 414
3 418 415 395
3 418 395 419
3 419 395 400
3 397 416 402
3 416 403 402
3 416 417 403
3 417 420 403
3 423 422 421
3 423 421 419
3 423 419 405
3 405 419 400
3 403 420 424
3 406 403 424
3 426 424 425
3 426 407 424
3 407 406 424
3 428 407 426
3 428 427 407
3 427 408 407
3 422 423 409
3 422 409 427
3 427 409 408
3 405 409 423
3 426 425 429
3 428 426 429
3 410 430 411
3 432 430 410
3 432 410 431
3 431 410 412
3 434 433 431
3 434 431 413
3 413 431 412
3 413 414 434
3 430 435 436
3 430 436 411
3 411 436 417
3 432 435 430
3 434 437 433
3 439 438 437
3 418 439 437
3 418 437 434
3 418 434 414
3 418 419 439
3 417 436 420
3 436 440 420
3 421 438 439
3 421 422 438
3 422 441 438
3 419 421 439
3 420 440 442
3 424 420 442
3 442 425 424
3 443 425 442
3 427 445 444
3 428 445 427
3 441 422 427
3 444 441 427
3 425 443 446
3 429 425 446
3 445 428 429
3 446 445 429
3 431 447 448
3 432 431 448
3 447 431 433
3 449 447 433
3 435 450 436
3 451 432 448
3 451 450 432
3 451 452 450
3 450 435 432
3 437 453 452
3 437 452 449
3 437 449 433
3 451 449 452
3 437 438 453
3 450 454 440
3 436 450 440
3 452 455 450
3 455 454 450
3 453 456 452
3 456 455 452
3 438 441 456
3 453 438 456
3 440 454 442
3 443 442 454
3 443 454 457
3 457 454 455
3 444 445 457
3 444 457 456
3 456 457 455
3 441 444 456
3 443 457 446
3 445 446 457
3 447 458 448
3 447 449 458
3 448 458 451
3 449 451 458
