OFF
250 492 0
22.783034633028244 6.6892767709115351 -34.525243408987663
22.600910034754133 6.7233699612957949 -34.525243408987663
22.783034633028244 6.7233699612957949 -34.546728629954806
22.930263392469026 6.7233699612957949 -34.525243408987656
21.426643177786527 16.536526424683863 -34.525243408987663
22.783034633028244 16.536526424683863 -34.686696000722179
23.866038940081275 16.536526424683863 -34.525243408987663
22.783034633028244 17.579758359029508 -34.525243408987663
42.345772110306875 -5.5845635011404404 -25.514933886463254
40.368004404380287 -3.0897865020922772 -25.514933886463254
42.345772110306875 -3.0897865020922772 -26.067295514201824
52.12714084894619 -3.0970527661807101 -25.514933886463254
52.12714084894619 -3.0897865020922772 -25.515928958720345
52.128904763004272 -3.0897865020922777 -25.514933886463258
22.783034633028244 6.7233699612957949 -32.315945676976241
35.955555355364041 6.7233699612957949 -25.514933886463254
42.345772110306875 6.7233699612957949 -26.261126362362781
52.12714084894619 6.7233699612957949 -25.6272084273396
52.442842355384848 6.7233699612957949 -25.514933886463254
22.783034633028244 8.0313006420151822 -25.514933886463254
21.203534363820385 16.536526424683863 -25.514933886463254
32.564403371667559 9.1278915321866663 -25.514933886463254
32.564403371667559 16.536526424683863 -27.688271884449641
42.345772110306875 15.72856106612524 -25.514933886463254
41.836959242504605 16.536526424683863 -25.514933886463254
52.127140848946183 10.021765758875283 -25.514933886463254
22.783034633028247 18.784558177933228 -25.514933886463254
30.963176939537604 26.349682888071932 -25.514933886463254
32.564403371667559 26.349682888071932 -28.082477651966233
34.101926426959146 26.349682888071932 -25.514933886463254
32.564403371667559 26.564696152568537 -25.514933886463258
42.345772110306868 -3.6768346319369734 -16.504624363938849
41.907941997025169 -3.0897865020922772 -16.504624363938849
44.075175579501952 -3.0897865020922772 -16.504624363938849
52.12714084894619 -3.0897865020922768 -25.474174219708654
36.664979922095725 6.7233699612957949 -16.504624363938849
52.127140848946198 1.6899613763889669 -16.504624363938852
52.549659863735201 6.7233699612957949 -16.504624363938849
22.783034633028244 13.601858190197467 -16.504624363938849
21.415542602542615 16.536526424683863 -16.504624363938849
32.564403371667552 11.309719620789419 -16.504624363938849
42.345772110306875 15.277742400941325 -16.504624363938849
40.861585864039093 16.536526424683863 -16.504624363938849
52.127140848946183 8.5496900169204402 -16.504624363938849
22.783034633028244 19.620439298285728 -16.504624363938849
32.564403371667559 22.100691153481055 -16.504624363938849
32.564403371667559 26.349682888071932 -20.508918982529202
42.345772110306875 -3.0897865020922777 -15.809412606205065
42.345772110306882 4.7489657108210546 -7.4943148414144432
34.968813588838515 6.7233699612957949 -7.4943148414144432
44.032247079320129 6.7233699612957958 -7.4943148414144432
52.12714084894619 6.7233699612957949 -14.223085608336939
22.783034633028244 14.948063399221773 -7.4943148414144432
21.985632513912215 16.536526424683863 -7.4943148414144432
32.564403371667559 13.167090595913336 -7.4943148414144432
42.345772110306868 10.283294399625969 -7.4943148414144432
33.429512057702468 16.536526424683863 -7.4943148414144432
22.783034633028244 18.965945649627511 -7.4943148414144432
32.564403371667559 16.708287641431703 -7.4943148414144423
32.564403371667559 5.3930445616487344 1.5159946811099658
27.06882975466597 6.7233699612957949 1.5159946811099658
32.564403371667559 6.7233699612957949 -5.4567632079418988
42.345772110306875 5.6691706025930477 1.5159946811099658
42.883686608457218 6.7233699612957949 1.5159946811099658
-6.5610715828897028 16.430128831804204 1.5159946811099658
-6.6165467696351543 16.536526424683863 1.5159946811099658
-6.5610715828897028 16.536526424683863 1.3662182719963027
-6.100277348658067 16.536526424683863 1.5159946811099658
22.783034633028244 11.783899227031704 1.5159946811099658
20.249435959844782 16.536526424683863 1.5159946811099658
32.564403371667559 13.963628625031273 1.5159946811099658
29.368970163570836 16.536526424683863 1.5159946811099658
32.564403371667552 16.536526424683863 -4.7849751034804804
42.345772110306882 8.5418886885732057 1.5159946811099658
-7.1895504028276367 26.349682888071932 1.5159946811099658
-6.5610715828897028 26.349682888071932 0.74252895538594677
-5.0739214546478424 26.349682888071932 1.5159946811099656
22.783034633028244 17.708434891819547 1.5159946811099658
-6.5610715828897028 27.248991837023066 1.5159946811099658
13.001665894388928 5.4119654264990755 10.526304203634368
8.8237409371998687 6.7233699612957949 10.526304203634368
13.001665894388928 6.7233699612957949 8.1445107312191087
22.783034633028244 0.73462900016462673 10.526304203634368
22.783034633028244 6.7233699612957949 2.3314165780698652
32.564403371667559 3.463052287593138 10.526304203634368
36.199104055669252 6.7233699612957949 10.526304203634368
42.345772110306875 6.7233699612957949 5.113453262436761
-6.5610715828897028 16.536526424683863 2.3359681932031484
5.3734218506473823 16.536526424683863 10.526304203634368
13.001665894388928 16.536526424683863 5.7549253116516876
32.564403371667559 16.536526424683863 5.9891937200473739
32.996767318793637 16.536526424683863 10.526304203634368
-6.5610715828897028 24.008861865084778 10.526304203634368
-6.735930975634794 26.349682888071932 10.526304203634368
-2.2382542909455019 26.349682888071932 10.526304203634368
13.001665894388928 20.73018839571797 10.526304203634368
22.783034633028244 19.550744040137424 10.526304203634368
32.564403371667559 16.684802351348665 10.526304203634368
-6.5610715828897028 26.660021454207204 10.526304203634368
42.345772110306875 -13.216558411160166 19.53661372615877
40.204261591155642 -12.902942965480346 19.53661372615877
42.345772110306875 -12.902942965480348 16.874499956795386
52.127140848946198 -14.02598097281715 19.53661372615877
52.12714084894619 -12.902942965480346 17.204091093004305
52.674383076988335 -12.902942965480348 19.53661372615877
22.783034633028244 -4.0379114966384737 19.53661372615877
17.597593399948728 -3.0897865020922772 19.53661372615877
22.783034633028244 -3.0897865020922772 14.957884168470349
32.564403371667559 -3.3308456900769174 19.53661372615877
32.564403371667559 -3.0897865020922772 19.347012901210256
42.345772110306875 -8.9534885138544134 19.53661372615877
33.122527281238796 -3.0897865020922772 19.53661372615877
52.12714084894619 -7.5499136468267745 19.53661372615877
13.001665894388928 1.1136066529263109 19.53661372615877
8.4481925796933179 6.7233699612957949 19.53661372615877
39.768430168925811 6.7233699612957949 19.53661372615877
3.5838051257078276 16.536526424683863 19.53661372615877
34.933526080909616 16.536526424683863 19.53661372615877
-6.5610715828897028 26.349682888071932 11.18070322582261
13.001665894388928 22.460046429825503 19.53661372615877
22.783034633028244 22.963473876826196 19.53661372615877
32.564403371667559 17.503825437761432 19.53661372615877
42.345772110306875 -12.902942965480348 21.426191825583764
52.12714084894619 -12.902942965480348 20.228996149445024
22.783034633028244 -3.5059604032917639 28.546923248683179
20.259704206150939 -3.0897865020922772 28.546923248683179
31.155846542093954 -3.0897865020922772 28.546923248683179
32.564403371667559 -3.0897865020922772 20.636353699362822
42.345772110306875 -5.2129096473639951 28.546923248683179
36.312153072964634 -3.0897865020922772 28.546923248683179
42.345772110306875 -3.0897865020922772 24.834414114692848
43.653572227056451 -3.0897865020922772 28.546923248683175
13.001665894388928 3.4438784496024226 28.546923248683179
8.3435636027404882 6.7233699612957949 28.546923248683179
32.564403371667559 -1.0741790358134571 28.546923248683179
42.345772110306868 -0.74173158001024753 28.546923248683179
36.774939994120203 6.7233699612957949 28.546923248683179
3.2202971557496127 16.091126467280795 28.546923248683179
3.1544039659421204 16.536526424683863 28.546923248683179
3.2202971557496127 16.536526424683863 23.915969092175288
32.564403371667559 12.897621151423639 28.546923248683179
32.272306118347878 16.536526424683863 28.546923248683179
32.564403371667559 16.536526424683863 27.103617581151479
3.2202971557496127 16.897109008407455 28.546923248683179
13.001665894388928 19.537786243095955 28.546923248683179
22.783034633028244 20.802217224262535 28.546923248683179
22.783034633028244 -3.0897865020922772 32.484929505317758
42.345772110306875 -3.0897865020922772 29.444279148821384
13.001665894388928 5.0914799406462423 37.557232771207588
8.2544935838155631 6.7233699612957949 37.557232771207588
22.783034633028244 2.2601134048708897 37.557232771207588
32.564403371667559 4.9276040327463395 37.557232771207588
32.917081073616188 6.7233699612957949 37.557232771207588
3.2202971557496132 16.536526424683863 29.034218309846509
8.824885334924284 16.536526424683863 37.557232771207588
32.564403371667559 7.0476034690078047 37.557232771207588
25.943737971297786 16.536526424683863 37.557232771207588
13.00166589438893 17.736548054804686 37.557232771207588
22.783034633028247 17.337291631297152 37.557232771207588
13.001665894388928 4.5885097108779132 46.567542293731996
9.8369605365887534 6.7233699612957949 46.567542293731996
19.028440164424541 6.7233699612957949 46.567542293731996
22.783034633028244 6.7233699612957949 44.939701213897983
32.564403371667559 6.7233699612957949 38.015939559661575
11.980214139142886 16.536526424683863 46.567542293731996
16.569607010717995 16.536526424683863 46.567542293731989
22.783034633028244 16.536526424683863 45.837285560191816
13.001665894388928 17.554531871075589 46.567542293731996
3.2202971557496127 -5.1810977311354209 55.577851816256391
-1.9321884660659954 -3.0897865020922772 55.577851816256384
3.2202971557496127 -3.0897865020922772 55.047933119386506
13.001665894388928 -3.1238505479694147 55.577851816256391
13.001665894388928 -3.0897865020922772 55.448781823615363
13.020661054058985 -3.0897865020922772 55.577851816256391
0.11097422947909763 6.7233699612957949 55.577851816256384
3.2202971557496127 6.7233699612957949 50.758320952938632
19.506646298881655 6.7233699612957949 55.577851816256384
2.5318849007103785 16.536526424683863 55.577851816256391
3.2202971557496127 16.536526424683863 53.691659885528715
22.783034633028244 15.761528912269988 55.577851816256391
22.783034633028244 16.536526424683863 53.416811424130941
22.930261572204177 16.536526424683863 55.577851816256391
3.2202971557496127 19.049904924011546 55.577851816256384
13.001665894388928 19.942766648679545 55.577851816256398
22.783034633028244 16.66011600595537 55.577851816256391
3.2202971557496127 -3.0897865020922772 62.181420603705007
13.001665894388928 -3.0897865020922772 55.788553522265111
3.2202971557496127 -2.7070268191558164 64.588161338780793
-3.9562504684550239 6.7233699612957949 64.588161338780793
13.001665894388928 -1.6463780085454573 64.588161338780793
22.783034633028244 6.1870318257609771 64.588161338780793
22.783034633028244 6.7233699612957949 63.033303406340799
23.353187476498324 6.7233699612957949 64.588161338780793
-0.74187242171784518 16.536526424683863 64.588161338780793
22.811126930831279 16.536526424683863 64.588161338780793
3.2202971557496127 26.265508783138134 64.588161338780793
3.7016814912618048 26.349682888071932 64.588161338780793
13.001665894388928 26.349682888071932 62.729249166424133
22.783034633028244 16.571619059441709 64.588161338780793
14.288666034408164 26.349682888071932 64.588161338780793
13.001665894388928 27.092889823940176 64.588161338780793
3.2202971557496127 -3.1336961908940273 73.598470861305202
2.2928625902383102 -3.0897865020922772 73.598470861305202
3.2202971557496127 -3.0897865020922772 73.20728139738506
3.3469012604153652 -3.0897865020922772 73.598470861305216
-6.5610715828897028 -1.8613002983467855 73.598470861305202
-7.3791632299690795 6.7233699612957949 73.598470861305202
-6.5610715828897028 6.7233699612957949 71.319393676339487
13.001665894388928 -2.7947238992291159 73.598470861305202
22.783034633028244 6.1878686985892299 73.598470861305202
23.803682511446013 6.7233699612957949 73.598470861305202
-7.5635287316964908 16.536526424683863 73.598470861305202
-6.5610715828897028 16.536526424683863 71.307456557370273
23.998242281809123 16.536526424683863 73.598470861305202
-6.5610715828897028 22.131716574576497 73.598470861305202
-0.50300390877782797 26.349682888071932 73.598470861305202
3.2202971557496127 26.349682888071932 64.912078532470701
22.783034633028244 26.349682888071932 73.109012918125529
22.914362088907932 26.349682888071932 73.598470861305202
3.2202971557496127 27.226995687639803 73.598470861305202
13.001665894388928 28.162168240666219 73.598470861305202
22.783034633028244 26.539804456849549 73.598470861305188
3.2202971557496127 -3.0897865020922772 73.977924333945396
-6.5610715828897028 0.67047613015286633 82.608780383829611
-7.4863924082919322 6.7233699612957949 82.608780383829611
3.2202971557496127 -2.4213032584623737 82.608780383829611
13.001665894388928 1.0194838137533617 82.608780383829611
22.783034633028244 6.658493870223027 82.608780383829611
22.816811091466271 6.7233699612957958 82.608780383829625
-7.2084577434505333 16.536526424683863 82.608780383829611
22.783034633028244 7.5238458904230239 82.608780383829611
22.462254381198441 16.536526424683863 82.608780383829611
22.783034633028244 16.536526424683863 78.966560193729421
-6.5610715828897028 18.064060861606624 82.608780383829611
3.2202971557496127 23.206155871365368 82.608780383829611
3.2202971557496127 26.349682888071932 74.449401884318831
13.001665894388928 22.184844728339584 82.608780383829611
13.001665894388928 26.349682888071932 74.061825116971576
22.783034633028244 26.349682888071932 73.836150997281834
-6.5610715828897028 6.7233699612957949 87.08953716019775
3.2202971557496127 4.3899154777385441 91.61908990635402
-1.0499398262752127 6.7233699612957949 91.61908990635402
8.589150434431712 6.7233699612957949 91.61908990635402
13.001665894388928 6.7233699612957949 88.101881727759377
22.783034633028247 6.7233699612957949 82.650599227117326
-6.5610715828897028 16.536526424683863 84.079038293592404
3.2202971557496127 8.3500277693034395 91.61908990635402
3.2202971557496127 16.536526424683863 89.335320318765497
13.001665894388928 16.536526424683863 86.628662648200304
3.2202971557496127 6.7233699612957949 92.106955484655032
3 2 0 1
3 0 2 3
3 5 2 1
3 4 5 1
3 6 3 2
3 5 6 2
3 5 4 7
3 6 5 7
3 10 8 9
3 10 12 11
3 8 10 11
3 11 12 13
3 0 14 1
3 0 3 14
3 16 10 9
3 15 16 9
3 12 10 17
3 17 10 16
3 18 13 12
3 17 18 12
3 14 19 20
3 14 20 1
3 1 20 4
3 14 3 6
3 14 6 21
3 14 21 19
3 22 21 6
3 24 23 16
3 24 16 22
3 15 21 16
3 21 22 16
3 17 16 23
3 25 17 23
3 18 17 25
3 4 20 26
3 7 4 26
3 6 7 26
3 6 26 28
3 6 28 22
3 27 28 26
3 29 24 22
3 28 29 22
3 28 27 30
3 29 28 30
3 8 31 32
3 9 8 32
3 34 33 31
3 34 31 11
3 11 31 8
3 11 13 34
3 9 32 15
3 32 35 15
3 34 36 33
3 36 34 13
3 36 13 37
3 37 13 18
3 19 38 39
3 20 19 39
3 21 40 19
3 19 40 38
3 23 24 41
3 41 24 42
3 21 15 35
3 21 35 40
3 25 23 43
3 23 41 43
3 37 18 25
3 43 37 25
3 20 39 44
3 26 20 44
3 27 45 46
3 27 26 45
3 26 44 45
3 46 45 42
3 46 42 29
3 29 42 24
3 27 46 30
3 29 30 46
3 31 47 32
3 31 33 47
3 47 48 49
3 47 49 32
3 32 49 35
3 51 50 48
3 36 51 48
3 36 48 47
3 36 47 33
3 36 37 51
3 38 52 53
3 39 38 53
3 40 54 38
3 38 54 52
3 41 42 55
3 55 42 56
3 40 35 49
3 40 49 54
3 50 51 43
3 50 43 55
3 55 43 41
3 37 43 51
3 39 53 57
3 44 39 57
3 45 44 58
3 44 57 58
3 56 42 45
3 58 56 45
3 61 59 60
3 61 49 48
3 61 48 59
3 59 48 62
3 62 48 50
3 63 62 50
3 66 64 65
3 64 66 67
3 52 68 69
3 53 52 69
3 72 71 70
3 54 61 68
3 54 68 52
3 68 61 60
3 49 61 54
3 55 56 70
3 55 70 73
3 70 56 72
3 63 50 55
3 73 63 55
3 75 66 65
3 74 75 65
3 76 67 66
3 75 76 66
3 53 69 77
3 57 53 77
3 71 72 58
3 71 58 77
3 77 58 57
3 56 58 72
3 75 74 78
3 76 75 78
3 81 79 80
3 81 83 82
3 79 81 82
3 83 60 59
3 83 59 82
3 82 59 84
3 86 85 84
3 86 84 62
3 62 84 59
3 62 63 86
3 64 87 65
3 64 67 87
3 89 81 80
3 88 89 80
3 68 89 69
3 68 83 89
3 83 81 89
3 60 83 68
3 70 71 90
3 86 91 85
3 86 70 91
3 86 73 70
3 90 91 70
3 63 73 86
3 87 92 93
3 87 93 65
3 65 93 74
3 92 87 67
3 92 67 94
3 94 67 76
3 89 88 95
3 69 89 95
3 69 95 77
3 77 95 96
3 90 71 77
3 90 77 97
3 97 77 96
3 91 90 97
3 74 93 98
3 78 74 98
3 94 76 78
3 98 94 78
3 101 99 100
3 101 103 102
3 99 101 102
3 102 103 104
3 107 105 106
3 107 109 108
3 105 107 108
3 111 110 101
3 111 101 109
3 100 108 101
3 108 109 101
3 103 101 110
3 112 103 110
3 104 103 112
3 79 113 114
3 80 79 114
3 106 82 107
3 106 113 82
3 113 79 82
3 84 107 82
3 109 107 84
3 109 84 85
3 109 85 111
3 111 85 115
3 80 114 88
3 114 116 88
3 85 91 115
3 115 91 117
3 92 118 93
3 92 94 118
3 88 116 119
3 95 88 119
3 96 95 120
3 95 119 120
3 97 96 121
3 96 120 121
3 117 91 97
3 121 117 97
3 93 118 98
3 94 98 118
3 99 122 100
3 99 102 123
3 122 99 123
3 102 104 123
3 105 124 125
3 106 105 125
3 127 126 124
3 127 124 108
3 108 124 105
3 100 127 108
3 100 129 127
3 100 122 129
3 128 129 122
3 110 111 130
3 122 123 131
3 122 131 128
3 123 112 131
3 130 131 110
3 112 110 131
3 104 112 123
3 113 132 133
3 114 113 133
3 125 113 106
3 132 113 125
3 127 134 126
3 127 129 134
3 130 111 135
3 111 136 135
3 111 115 136
3 131 130 135
3 139 137 138
3 139 133 137
3 139 116 133
3 116 114 133
3 142 141 140
3 142 140 136
3 142 136 117
3 117 136 115
3 139 138 143
3 116 139 143
3 116 143 119
3 119 143 144
3 120 119 145
3 119 144 145
3 141 142 121
3 141 121 145
3 145 121 120
3 117 121 142
3 124 146 125
3 124 126 146
3 128 147 129
3 128 131 147
3 132 148 149
3 133 132 149
3 146 132 125
3 146 150 132
3 150 148 132
3 126 150 146
3 126 134 150
3 134 151 150
3 136 152 147
3 136 147 135
3 152 151 147
3 129 147 134
3 151 134 147
3 131 135 147
3 137 153 138
3 137 154 153
3 137 133 154
3 133 149 154
3 140 156 155
3 141 156 140
3 152 136 140
3 155 152 140
3 138 153 143
3 153 154 157
3 153 157 143
3 143 157 144
3 145 144 158
3 144 157 158
3 156 141 145
3 158 156 145
3 148 159 160
3 149 148 160
3 162 161 159
3 162 159 150
3 150 159 148
3 150 151 163
3 162 150 163
3 151 152 163
3 149 160 154
3 160 164 154
3 166 161 162
3 165 161 166
3 155 156 166
3 155 166 163
3 163 166 162
3 152 155 163
3 154 164 167
3 157 154 167
3 165 166 158
3 165 158 167
3 167 158 157
3 156 158 166
3 170 168 169
3 170 172 171
3 168 170 171
3 171 172 173
3 175 170 169
3 174 175 169
3 159 175 160
3 159 172 175
3 172 170 175
3 172 159 161
3 172 161 173
3 173 161 176
3 178 175 174
3 177 178 174
3 160 178 164
3 175 178 160
3 179 165 180
3 179 176 165
3 176 161 165
3 179 180 181
3 178 177 182
3 164 178 182
3 164 182 167
3 167 182 183
3 180 165 167
3 180 167 184
3 184 167 183
3 181 180 184
3 168 185 169
3 168 171 186
3 185 168 186
3 171 173 186
3 185 187 188
3 185 188 169
3 169 188 174
3 186 187 185
3 189 187 186
3 186 173 176
3 186 176 190
3 186 190 189
3 191 190 176
3 190 191 192
3 174 188 177
3 188 193 177
3 176 179 191
3 191 179 181
3 191 181 192
3 192 181 194
3 177 193 195
3 182 177 195
3 197 195 196
3 197 183 195
3 183 182 195
3 199 183 197
3 199 198 183
3 198 184 183
3 194 181 184
3 198 194 184
3 197 196 200
3 199 197 200
3 203 201 202
3 201 203 204
3 207 205 206
3 202 205 207
3 203 202 207
3 203 207 188
3 203 188 187
3 203 208 204
3 203 187 208
3 187 189 208
3 190 209 189
3 189 209 208
3 209 190 192
3 210 209 192
3 212 207 206
3 211 212 206
3 188 212 193
3 207 212 188
3 192 194 210
3 210 194 213
3 212 211 214
3 216 214 215
3 195 214 216
3 195 212 214
3 195 193 212
3 195 216 196
3 198 199 217
3 198 217 218
3 198 218 194
3 194 218 213
3 216 215 219
3 196 216 219
3 196 219 200
3 200 219 220
3 217 199 200
3 217 200 221
3 221 200 220
3 218 217 221
3 201 222 202
3 201 204 222
3 205 223 224
3 206 205 224
3 222 205 202
3 222 225 205
3 225 223 205
3 204 225 222
3 204 208 225
3 208 226 225
3 209 227 208
3 208 227 226
3 227 209 210
3 228 227 210
3 206 224 211
3 224 229 211
3 232 231 230
3 232 230 228
3 232 228 213
3 213 228 210
3 211 229 233
3 214 211 233
3 215 234 235
3 215 214 234
3 214 233 234
3 235 236 237
3 234 236 235
3 231 237 236
3 231 232 237
3 232 238 237
3 213 218 238
3 232 213 238
3 215 235 219
3 220 219 235
3 237 220 235
3 221 220 237
3 238 221 237
3 218 221 238
3 223 239 224
3 241 239 223
3 241 223 240
3 240 223 225
3 243 242 240
3 243 240 226
3 226 240 225
3 226 227 244
3 243 226 244
3 227 228 244
3 239 245 229
3 224 239 229
3 246 239 241
3 246 247 239
3 247 245 239
3 242 247 246
3 242 243 247
3 243 248 247
3 230 231 248
3 230 248 244
3 244 248 243
3 228 230 244
3 229 245 233
3 234 233 245
3 247 234 245
3 236 234 247
3 248 236 247
3 231 236 248
3 240 249 241
3 240 242 249
3 241 249 246
3 242 246 249
